# ES Parsing Summary Log
# Generated: 2025-09-01 17:05:34
# Timestamp: 20250901_170534
📊 Processing Summary:
   ✅ Processed: 222 files
   📁 Output directory: C:\Dev\__RESURREXIT\git\lang\es\04_chordpro
# Format: FILENAME | TITLE | ROLES | VERSES | CHORDS
--------------------------------------------------------------------------------
ES - 001 - A LA VÍCTIMA PASCUAL.chordpro | A LA VÍCTIMA PASCUAL | 3 roles | 26 verses | Fa, Fa 7, La 7, La–, Mi, Re–, Re– 9
ES - 002 - A NADIE DEMOS OCASIÓN DE TROPIEZO.chordpro | A NADIE DEMOS OCASIÓN DE TROPIEZO | 9 roles | 35 verses | Fa, La 7, La–, Mi, Re–
ES - 003 - A TI LEVANTO MIS OJOS.chordpro | A TI LEVANTO MIS OJOS | 11 roles | 15 verses | La 7, Re–, Sib 7, Sol–
ES - 004 - A TI, SEÑOR, EN MI CLAMOR IMPLORO.chordpro | A TI, SEÑOR, EN MI CLAMOR IMPLORO | 6 roles | 26 verses | Fa, La–, Mi, Mi 7, Re–, Sol
ES - 005 - A TI, SEÑOR, LEVANTO MI ALMA.chordpro | A TI, SEÑOR, LEVANTO MI ALMA | 5 roles | 14 verses | Fa, La–, Mi, Re–
ES - 006 - A TI, SEÑOR, SE DEBE LA ALABANZA EN SIÓN.chordpro | A TI, SEÑOR, SE DEBE LA ALABANZA EN SIÓN | 6 roles | 23 verses | La 7, Re–, Sib 7, Sol–
ES - 007 - ABRAHAM.chordpro | ABRAHAM | 4 roles | 26 verses | Fa, La–, Mi, Re–, Sol
ES - 008 - ACLAMAD AL SEÑOR.chordpro | ACLAMAD AL SEÑOR | 11 roles | 18 verses | Fa, La, La 7, Re–, Sol, Sol–
ES - 009 - AL DESPERTAR.chordpro | AL DESPERTAR | 9 roles | 42 verses | Fa#, Mi–, Si–, Sol
ES - 010 - ALABAD AL SEÑOR EN EL CIELO.chordpro | ALABAD AL SEÑOR EN EL CIELO | 14 roles | 39 verses | Fa#–, La
ES - 011 - ALEGRÍA, HA NACIDO EL SALVADOR.chordpro | ALEGRÍA, HA NACIDO EL SALVADOR | 10 roles | 15 verses | Do 7, Do#, Fa, La, Re–, Sib, Sol–
ES - 012 - ALELUYA, ALABAD AL SEÑOR.chordpro | ALELUYA, ALABAD AL SEÑOR | 8 roles | 17 verses | La, Mi, Re
ES - 013 - ALELUYA, BENDECID AL SEÑOR.chordpro | ALELUYA, BENDECID AL SEÑOR | 6 roles | 17 verses | La, La 7, Re–, Sib
ES - 014 - ALELUYA, YA LLEGÓ EL REINO.chordpro | ALELUYA, YA LLEGÓ EL REINO | 7 roles | 13 verses | Do, La–, Mi
ES - 015 - ALZAOS PUERTAS.chordpro | ALZAOS PUERTAS | 30 roles | 35 verses | La, La–, Mi, Mi–, Si, Si 7, Si–, Sol
ES - 016 - AMÉN, AMÉN, AMÉN.chordpro | AMÉN, AMÉN, AMÉN | 10 roles | 23 verses | Do, Fa, La–, Mi, Sol, Sol 7
ES - 017 - AMO AL SEÑOR.chordpro | AMO AL SEÑOR | 5 roles | 24 verses | Fa#–, La 7, Mi– 6, Re, Sol
ES - 018 - AQUEDAH.chordpro | AQUEDAH | 7 roles | 20 verses | La–, Mi, Mi 7, Re–, Re– 9
ES - 019 - AVE MARÍA I.chordpro | AVE MARÍA I | 2 roles | 12 verses | Do, Fa, La–, Mi, Re–
ES - 020 - AVE MARÍA II (1984).chordpro | AVE MARÍA II (1984) | 2 roles | 13 verses | Do |Mi |Fa             Mi, Do |Mi |Fa   Mi, Do |Mi |Fa  Mi, Fa, Mi
ES - 021 - BABILONIA CRIMINAL.chordpro | BABILONIA CRIMINAL | 6 roles | 32 verses | La–, Mi–, Re, Si 7
ES - 022 - BALAAM.chordpro | BALAAM | 9 roles | 35 verses | Mi–, Re, Si–, Sol
ES - 023 - BENDECIRÉ AL SEÑOR EN TODO TIEMPO.chordpro | BENDECIRÉ AL SEÑOR EN TODO TIEMPO | 7 roles | 25 verses | Do, La, La 7, Re–, Sib
ES - 024 - BENDICE, ALMA MÍA, A YAHVEH.chordpro | BENDICE, ALMA MÍA, A YAHVEH | 3 roles | 13 verses | La–, Mi, Re–
ES - 025 - BENDITA ERES TÚ, MARÍA.chordpro | BENDITA ERES TÚ, MARÍA | 5 roles | 14 verses | Fa, La–, Mi, Re–, Sol
ES - 026 - BENDITO ERES, SEÑOR.chordpro | BENDITO ERES, SEÑOR | 16 roles | 24 verses | Do, Fa#–, La, Mi, Mi–, Re, Si, Si 7, Sol
ES - 027 - BENEDICTUS.chordpro | BENEDICTUS | 8 roles | 33 verses | La 7, Re–, Sol–
ES - 028 - CANTAD A DIOS.chordpro | CANTAD A DIOS | 4 roles | 15 verses | Mi, Re– 9
ES - 029 - CANTAD AL SEÑOR.chordpro | CANTAD AL SEÑOR | 5 roles | 11 verses | Do, La–, Si 7, Sol
ES - 030 - CÁNTICO DE LOS TRES JÓVENES.chordpro | CÁNTICO DE LOS TRES JÓVENES | 13 roles | 41 verses | La–, Mi 7
ES - 031 - CANTO DE MOISÉS.chordpro | CANTO DE MOISÉS | 16 roles | 41 verses | Do 7, Fa, La 7, Re 7, Sol 7
ES - 032 - CARITAS CHRISTI URGET NOS.chordpro | CARITAS CHRISTI URGET NOS | 11 roles | 25 verses | Do, Fa, La 7, La–, Mi, Re–, Re– 9, Sol
ES - 033 - CÓMO ES MARAVILLOSO.chordpro | CÓMO ES MARAVILLOSO | 17 roles | 18 verses | Do, La–, Mi–, Re 7, Si 7, Si–, Sol
ES - 034 - COMO LA CIERVA.chordpro | COMO LA CIERVA | 9 roles | 36 verses | Do# 7, Do#–, Fa#–, La, La             Si     Si |La# | La, Mi, Si 7, Sol#
ES - 035 - CRISTO ES LA LUZ.chordpro | CRISTO ES LA LUZ | 20 roles | 25 verses | Do, La–, Re–, Sol
ES - 036 - CUANDO EL SEÑOR.chordpro | CUANDO EL SEÑOR | 4 roles | 15 verses | La, Mi–, Re, Sol
ES - 037 - CUANDO ISRAEL SALIÓ DE EGIPTO.chordpro | CUANDO ISRAEL SALIÓ DE EGIPTO | 5 roles | 18 verses | Fa, Fa#, La, La–, Mi, Re, Si–, Sol
ES - 038 - DAYENÚ.chordpro | DAYENÚ | 32 roles | 76 verses | Do, La–, Mi–, Re, Si 7
ES - 039 - DE PROFUNDIS.chordpro | DE PROFUNDIS | 8 roles | 16 verses | Fa, Fa 7, La–, Mi, Mi 7, Sol
ES - 040 - DECIDLE A LOS DE CORAZÓN CANSADO.chordpro | DECIDLE A LOS DE CORAZÓN CANSADO | 9 roles | 27 verses | Do, Fa, La–, Mi, Mi–, Re– 9
ES - 041 - DELANTE DE LOS ÁNGELES.chordpro | DELANTE DE LOS ÁNGELES | 9 roles | 29 verses | Do, Fa, Mi, Re– 9, Sol
ES - 042 - DÍA DE REPOSO.chordpro | DÍA DE REPOSO | 10 roles | 15 verses | La–, Mi–
ES - 043 - DICE EL SEÑOR A MI SEÑOR.chordpro | DICE EL SEÑOR A MI SEÑOR | 5 roles | 28 verses | Do#–, La, Mi, Si, Si 7, Sol#
ES - 044 - DICHOSO EL HOMBRE.chordpro | DICHOSO EL HOMBRE | 8 roles | 26 verses | Fa, La–, Mi, Sol
ES - 045 - EL NECIO PIENSA QUE DIOS NO EXISTE.chordpro | EL NECIO PIENSA QUE DIOS NO EXISTE | 7 roles | 24 verses | Do, Fa, La 7, La–, Re–, Sib, Sol–
ES - 046 - EL PUEBLO QUE CAMINABA EN LAS TINIEBLAS.chordpro | EL PUEBLO QUE CAMINABA EN LAS TINIEBLAS | 4 roles | 27 verses | Do, Fa, La–, Sol, Sol#
ES - 047 - EL SEÑOR ANUNCIA UNA NOTICIA.chordpro | EL SEÑOR ANUNCIA UNA NOTICIA | 5 roles | 17 verses | La, La–, Mi–, Si–, Sol
ES - 048 - EL SEÑOR ES MI PASTOR.chordpro | EL SEÑOR ES MI PASTOR | 12 roles | 31 verses | Fa, La–, Mi, Sol
ES - 049 - ELÍ, ELÍ, LAMÁ SABACTANÍ.chordpro | ELÍ, ELÍ, LAMÁ SABACTANÍ | 8 roles | 56 verses | La–, Mi–, Si 7
ES - 050 - EN MEDIO DE AQUEL GENTÍO.chordpro | EN MEDIO DE AQUEL GENTÍO | 8 roles | 25 verses | Fa, La–, Mi, Sol
ES - 051 - ERES HERMOSO.chordpro | ERES HERMOSO | 11 roles | 32 verses | Do#–, Fa#–, La, Mi, Si, Sol#
ES - 052 - ESCÓNDEME EN LO OCULTO DE TU TIENDA.chordpro | ESCÓNDEME EN LO OCULTO DE TU TIENDA | 13 roles | 33 verses | Do, Mi–, Re, Si 7
ES - 053 - ESTÁN ROTAS MIS ATADURAS.chordpro | ESTÁN ROTAS MIS ATADURAS | 4 roles | 27 verses | Fa, Fa#, La, La–, Mi, Mi–, Re, Re–, Si, Si–, Sol
ES - 054 - ÉSTE ES EL DÍA EN QUE ACTUÓ EL SEÑOR.chordpro | ÉSTE ES EL DÍA EN QUE ACTUÓ EL SEÑOR | 1 roles | 37 verses | Do, Fa, La–, Mi
ES - 055 - ESTE ES EL MANDAMIENTO MÍO.chordpro | ESTE ES EL MANDAMIENTO MÍO | 10 roles | 29 verses | Do, Fa, La 7, La–, Mi, Re–, Sol
ES - 056 - EVENU SHALOM ALEJEM.chordpro | EVENU SHALOM ALEJEM | 11 roles | 26 verses | La, La 7, Re–, Sol–
ES - 057 - EXULTAD, JUSTOS, EN EL SEÑOR.chordpro | EXULTAD, JUSTOS, EN EL SEÑOR | 5 roles | 19 verses | Do, La–, Mi–, Re, Si 7, Sol
ES - 058 - FELICIDAD PARA EL HOMBRE.chordpro | FELICIDAD PARA EL HOMBRE | 5 roles | 15 verses | Fa, La–, Mi, Mi–, Re–, Re– 9
ES - 059 - GRACIAS A YAHVEH.chordpro | GRACIAS A YAHVEH | 21 roles | 24 verses | Do, La–, Mi–, Re, Re 7, Si 7, Si–, Sol
ES - 060 - GRITAD JUBILOSOS.chordpro | GRITAD JUBILOSOS | 7 roles | 19 verses | Fa, La–, Mi, Sol
ES - 061 - HACIA TI MORADA SANTA.chordpro | HACIA TI MORADA SANTA | 5 roles | 13 verses | Fa, La–, Mi, Sol
ES - 062 - HASTA CUÁNDO.chordpro | HASTA CUÁNDO | 8 roles | 19 verses | La–, Mi
ES - 063 - HE AQUÍ QUE VENGO PRESTO.chordpro | HE AQUÍ QUE VENGO PRESTO | 4 roles | 15 verses | Fa#, La, La 7, Mi 7, Re, Si–
ES - 064 - HE ESPERADO EN EL SEÑOR.chordpro | HE ESPERADO EN EL SEÑOR | 12 roles | 33 verses | Fa, La–, Mi, Mi 7, Mi–
ES - 065 - HIJAS DE JERUSALÉN.chordpro | HIJAS DE JERUSALÉN | 9 roles | 21 verses | Fa, La–, Mi, Sol
ES - 066 - HIMNO A CRISTO LUZ.chordpro | HIMNO A CRISTO LUZ | 3 roles | 13 verses | La–, Mi–, Re 7, Si 7, Sol
ES - 067 - HIMNO A LA KENOSIS.chordpro | HIMNO A LA KENOSIS | 7 roles | 34 verses | Do, La–, Mi–, Re, Si 7, Sol
ES - 068 - HIMNO DE ADVIENTO.chordpro | HIMNO DE ADVIENTO | 2 roles | 16 verses | La 7, Re–, Sol–
ES - 069 - HIMNO DE LA ASCENSIÓN.chordpro | HIMNO DE LA ASCENSIÓN | 7 roles | 19 verses | La–, Sol
ES - 070 - HIMNO DE PASCUA.chordpro | HIMNO DE PASCUA | 4 roles | 15 verses | La 7, La–, Mi, Mi 7, Re–
ES - 071 - ID Y ANUNCIAD A MIS HERMANOS.chordpro | ID Y ANUNCIAD A MIS HERMANOS | 12 roles | 28 verses | Do, Fa, La–, Mi, Re–, Sol
ES - 072 - IMPROPERIOS.chordpro | IMPROPERIOS | 15 roles | 34 verses | La–, Mi–, Si 7
ES - 073 - JERUSALÉN RECONSTRUIDA.chordpro | JERUSALÉN RECONSTRUIDA | 9 roles | 39 verses | Mi–, Re
ES - 074 - LA MARCHA ES DURA.chordpro | LA MARCHA ES DURA | 4 roles | 13 verses | La–, Mi–, Si 7
ES - 075 - LA SALVE.chordpro | LA SALVE | 1 roles | 16 verses | Fa, La–, Mi, Mi–
ES - 076 - LA SIEGA DE LAS NACIONES.chordpro | LA SIEGA DE LAS NACIONES | 11 roles | 31 verses | Do, La, Re–, Sib, Sol–
ES - 077 - LEVANTO MIS OJOS A LOS MONTES.chordpro | LEVANTO MIS OJOS A LOS MONTES | 7 roles | 21 verses | Do, Re, Re 7, Si–, Sol
ES - 078 - LLEGUE HASTA TU PRESENCIA MI CLAMOR.chordpro | LLEGUE HASTA TU PRESENCIA MI CLAMOR | 4 roles | 15 verses | Fa, La–, Mi, Sol
ES - 079 - LLÉVAME AL CIELO.chordpro | LLÉVAME AL CIELO | 9 roles | 20 verses | Do#–, La, Mi, Si 7, Sol#
ES - 080 - MAGNÍFICAT.chordpro | MAGNÍFICAT | 14 roles | 32 verses | La, La 7, Mi, Re, Re La |Mi |La
ES - 081 - MARÍA, CASA DE BENDICIÓN.chordpro | MARÍA, CASA DE BENDICIÓN | 7 roles | 18 verses | Do, La 7, Re–, Sib, Sol–
ES - 082 - MARÍA DE JASNA GÖRA.chordpro | MARÍA DE JASNA GÖRA | 5 roles | 19 verses | La–, Mi–, Si
ES - 083 - MARÍA, MADRE DE LA IGLESIA.chordpro | MARÍA, MADRE DE LA IGLESIA | 5 roles | 27 verses | Fa, Fa 7, La–, Mi, Sol, Sol 7
ES - 084 - MARÍA, MADRE DEL CAMINO ARDIENTE.chordpro | MARÍA, MADRE DEL CAMINO ARDIENTE | 4 roles | 16 verses | Do, La, Mi–, Re, Sol
ES - 085 - MARÍA, PEQUEÑA MARÍA.chordpro | MARÍA, PEQUEÑA MARÍA | 4 roles | 25 verses | Fa#, Fa#–, La, La 7, Mi– 6, Re, Sol
ES - 086 - ME ENSEÑARÁS EL CAMINO DE LA VIDA.chordpro | ME ENSEÑARÁS EL CAMINO DE LA VIDA | 7 roles | 26 verses | Fa, La–, Mi, Re–
ES - 087 - ME HAS SEDUCIDO, SEÑOR.chordpro | ME HAS SEDUCIDO, SEÑOR | 9 roles | 31 verses | Do, Fa, La–, Mi, Mi 7, Sol
ES - 088 - MIRAD QUÉ ESTUPENDO.chordpro | MIRAD QUÉ ESTUPENDO | 13 roles | 27 verses | Do, La–, Mi–, Si 7
ES - 089 - MISERICORDIA MÍA, MISERICORDIA.chordpro | MISERICORDIA MÍA, MISERICORDIA | 12 roles | 54 verses | Do, Re–, Sol–
ES - 090 - MUCHO ME HAN PERSEGUIDO.chordpro | MUCHO ME HAN PERSEGUIDO | 6 roles | 24 verses | La–, Mi
ES - 091 - NO ESTÁ AQUÍ, RESUCITÓ.chordpro | NO ESTÁ AQUÍ, RESUCITÓ | 23 roles | 35 verses | Do, Do 7, Do–, Fa, Fa              Sol       Sol |Mi, Mi, Re 7, Re–, Sol–
ES - 092 - OH CIELOS, LLOVED DE LO ALTO.chordpro | OH CIELOS, LLOVED DE LO ALTO | 21 roles | 24 verses | Fa, La–, Mi, Sol
ES - 093 - OH DIOS, POR TU NOMBRE SÁLVAME.chordpro | OH DIOS, POR TU NOMBRE SÁLVAME | 5 roles | 16 verses | Do, Fa 7, La 7, La–, Mi, Re–, Sib 7, Sol–
ES - 094 - OH DIOS, TÚ ERES MI DIOS.chordpro | OH DIOS, TÚ ERES MI DIOS | 9 roles | 27 verses | Fa, La–, Mi, Re–
ES - 095 - OH JESÚS, AMOR MÍO.chordpro | OH JESÚS, AMOR MÍO | 10 roles | 34 verses | Fa, La–, Mi, Sol
ES - 096 - OH MUERTE ¿DÓNDE ESTÁ TU VICTORIA.chordpro | OH MUERTE ¿DÓNDE ESTÁ TU VICTORIA? | 12 roles | 32 verses | Do, Fa#, La, La–, La– 6, Re, Re 7, Re– 5, Si–, Sol
ES - 097 - OH SEÑOR, NUESTRO DIOS.chordpro | OH SEÑOR, NUESTRO DIOS | 5 roles | 16 verses | Do, La–, Mi–, Si 7, Sol
ES - 098 - OS TOMARÉ DE ENTRE LAS NACIONES.chordpro | OS TOMARÉ DE ENTRE LAS NACIONES | 5 roles | 14 verses | La, Re 7, Re–, Sib, Sol–
ES - 099 - PALOMA INCORRUPTA.chordpro | PALOMA INCORRUPTA | 6 roles | 26 verses | Fa#, Mi–, Si–, Sol
ES - 100 - PENTECOSTÉS.chordpro | PENTECOSTÉS | 8 roles | 35 verses | Do, Fa, La, La 7, Re–, Sib, Sol
ES - 101 - POR EL AMOR DE MIS AMIGOS.chordpro | POR EL AMOR DE MIS AMIGOS | 12 roles | 30 verses | La–, Mi–, Si 7
ES - 102 - POR QUÉ ESTA NOCHE ES DIFERENTE.chordpro | POR QUÉ ESTA NOCHE ES DIFERENTE | 21 roles | 41 verses | La–, Mi, Re–
ES - 103 - POR QUÉ LAS GENTES CONJURAN.chordpro | POR QUÉ LAS GENTES CONJURAN | 7 roles | 34 verses | La–, Mi–, Si 7
ES - 104 - PORQUE MI YUGO ES SUAVE.chordpro | PORQUE MI YUGO ES SUAVE | 4 roles | 16 verses | Do, Fa, La–, Mi
ES - 105 - QUÉ AMABLES SON TUS MORADAS.chordpro | QUÉ AMABLES SON TUS MORADAS | 10 roles | 30 verses | Do, Fa, La–, Mi–, Sol
ES - 106 - QUÉ ESTUPENDO, QUÉ ALEGRÍA.chordpro | QUÉ ESTUPENDO, QUÉ ALEGRÍA | 10 roles | 14 verses | Fa, La–, Mi, Re–, Sol
ES - 107 - QUIÉN NOS SEPARARÁ.chordpro | QUIÉN NOS SEPARARÁ | 8 roles | 26 verses | Fa, La–, Mi, Sol
ES - 108 - QUIERO CANTAR.chordpro | QUIERO CANTAR | 13 roles | 33 verses | Fa#–, La, La 7, Mi–, Re, Sol
ES - 109 - RESUCITÓ.chordpro | RESUCITÓ | 9 roles | 25 verses | Fa, La–, Mi, Sol
ES - 110 - RESURREXIT.chordpro | RESURREXIT | 7 roles | 31 verses | Fa, La–, Mi, Mi 7, Re–
ES - 111 - SALVE, REINA DE LOS CIELOS.chordpro | SALVE, REINA DE LOS CIELOS | 4 roles | 14 verses | Fa, La–, Mi, Mi 7, Re–, Sol
ES - 112 - SE ENCONTRARON DOS ÁNGELES.chordpro | SE ENCONTRARON DOS ÁNGELES | 4 roles | 15 verses | La–, Mi, Re–
ES - 113 - SECUENCIA DEL CORPUS CHRISTI.chordpro | SECUENCIA DEL CORPUS CHRISTI | 22 roles | 75 verses | La–, Mi, Re–
ES - 114 - SEÑOR, AYÚDAME A NO DUDAR DE TI.chordpro | SEÑOR, AYÚDAME A NO DUDAR DE TI | 7 roles | 23 verses | Fa#, La, La 7, Mi–, Re, Si–, Sol
ES - 115 - SEÑOR, NO ME CORRIJAS EN TU CÓLERA.chordpro | SEÑOR, NO ME CORRIJAS EN TU CÓLERA | 11 roles | 26 verses | Fa#, Fa# 5, La, Si–, Sol
ES - 116 - SHLOM-LEJ MARIAM.chordpro | SHLOM-LEJ MARIAM | 7 roles | 22 verses | Do, La–, Mi–, Si 7, Sol
ES - 117 - SI EL SEÑOR NO CONSTRUYE LA CASA.chordpro | SI EL SEÑOR NO CONSTRUYE LA CASA | 8 roles | 23 verses | Do#–, La, Mi, Si, Sol#
ES - 118 - SI HABÉIS RESUCITADO CON CRISTO.chordpro | SI HABÉIS RESUCITADO CON CRISTO | 11 roles | 34 verses | Do, La–, Mi–, Re, Si 7
ES - 119 - SI HOY ESCUCHÁIS SU VOZ.chordpro | SI HOY ESCUCHÁIS SU VOZ | 9 roles | 30 verses | Do#–, Fa#–, Mi, Si 7, Sol#
ES - 120 - SI ME HE REFUGIADO EN EL SEÑOR.chordpro | SI ME HE REFUGIADO EN EL SEÑOR | 3 roles | 21 verses | Do, La–, Mi–, Si 7, Sol
ES - 121 - SIÓN, MADRE DE TODOS LOS PUEBLOS.chordpro | SIÓN, MADRE DE TODOS LOS PUEBLOS | 8 roles | 22 verses | Fa, La–, Mi, Re–, Si 7, Sol
ES - 122 - SOLA A SOLO.chordpro | SOLA A SOLO | 6 roles | 21 verses | Do, Fa, La, Re–, Sib, Sol–
ES - 123 - STABAT MATER DOLOROSA.chordpro | STABAT MATER DOLOROSA | 7 roles | 24 verses | Do 7, La, La 7, Re–, Re– 5, Sib 7, Sol–
ES - 124 - SUBE DIOS ENTRE ACLAMACIONES.chordpro | SUBE DIOS ENTRE ACLAMACIONES | 8 roles | 14 verses | Re–, Sol–
ES - 125 - TE ESTOY LLAMANDO, SEÑOR.chordpro | TE ESTOY LLAMANDO, SEÑOR | 5 roles | 26 verses | Do, Fa, La 7, Re–, Sib, Sol–
ES - 126 - TE HE MANIFESTADO MI PECADO.chordpro | TE HE MANIFESTADO MI PECADO | 8 roles | 33 verses | La–, Re–, Sol
ES - 127 - TÚ QUE ERES FIEL.chordpro | TÚ QUE ERES FIEL | 10 roles | 27 verses | Do, Do–, Re, Re 7, Sol–
ES - 128 - UN RETOÑO BROTA DEL TRONCO DE JESÉ.chordpro | UN RETOÑO BROTA DEL TRONCO DE JESÉ | 14 roles | 39 verses | Do, La–, Mi–, Re, Si 7, Sol
ES - 129 - UNA GRAN SEÑAL.chordpro | UNA GRAN SEÑAL | 6 roles | 40 verses | Fa, La–, Mi, Sol
ES - 130 - URÍ, URÍ, URÍ, URÁ.chordpro | URÍ, URÍ, URÍ, URÁ | 12 roles | 23 verses | La–, Mi
ES - 131 - VAMOS YA, PASTORES.chordpro | VAMOS YA, PASTORES | 7 roles | 24 verses | La–, Mi–, Si 7
ES - 132 - VEN, ESPÍRITU SANTO.chordpro | VEN, ESPÍRITU SANTO | 19 roles | 47 verses | Do, Fa, Mi
ES - 133 - VEN, HIJO DEL HOMBRE.chordpro | VEN, HIJO DEL HOMBRE | 31 roles | 35 verses | Do, La–, Mi–, Si 7
ES - 134 - VENI CREATOR.chordpro | VENI CREATOR | 7 roles | 25 verses | La–, Sol
ES - 135 - VIENE EL SEÑOR.chordpro | VIENE EL SEÑOR | 9 roles | 21 verses | La–, Mi–
ES - 136 - VIRGEN DE LA MARAVILLA.chordpro | VIRGEN DE LA MARAVILLA | 7 roles | 21 verses | Fa#, Mi–, Si–, Sol
ES - 137 - VIVID ALEGRES.chordpro | VIVID ALEGRES | 3 roles | 11 verses | La, La 7, La–, Mi, Re–
ES - 138 - VOSOTROS SOIS LA LUZ DEL MUNDO.chordpro | VOSOTROS SOIS LA LUZ DEL MUNDO | 3 roles | 16 verses | Do, Fa, La–, Mi, Re–
ES - 139 - YA VIENE MI DIOS.chordpro | YA VIENE MI DIOS | 9 roles | 26 verses | Mi–, Si 7
ES - 140 - YAHVEH, TÚ ERES MI DIOS.chordpro | YAHVEH, TÚ ERES MI DIOS | 7 roles | 14 verses | Fa, La–, Mi, Sol
ES - 141 - YO TE AMO, SEÑOR.chordpro | YO TE AMO, SEÑOR | 4 roles | 14 verses | Fa#, La 7, Re, Si–, Sol
ES - 142 - YO VENGO A REUNIR.chordpro | YO VENGO A REUNIR | 11 roles | 22 verses | Do#–, Fa#, La, Mi, Si, Si 7, Sol#
ES - 143 - ZAQUEO.chordpro | ZAQUEO | 12 roles | 36 verses | Fa, La–, Mi, Re–, Sol
ES - 144 - ALELUYA INTERLECCIONAL.chordpro | ALELUYA INTERLECCIONAL | 11 roles | 21 verses | Do, La–, Mi, Mi–, Re, Sol
ES - 145 - ALELUYA PASCUAL.chordpro | ALELUYA PASCUAL | 12 roles | 16 verses | La, Mi
ES - 146 - ANTÍFONA – VERSÍCULO ANTES DEL EVANGELIO.chordpro | ANTÍFONA – VERSÍCULO ANTES DEL EVANGELIO | 8 roles | 24 verses | Do, Mi–, Re, Sol
ES - 147 - BENDICIÓN DEL AGUA.chordpro | BENDICIÓN DEL AGUA | 8 roles | 57 verses | Do, La–, Mi–, Re, Si 7
ES - 148 - BENDICIÓN PENITENCIAL.chordpro | BENDICIÓN PENITENCIAL | 11 roles | 36 verses | Fa, La–, Mi, Re–, Sol
ES - 149 - CORDERO DE DIOS.chordpro | CORDERO DE DIOS | 4 roles | 20 verses | Fa, La–, Mi, Sol
ES - 150 - CREDO.chordpro | CREDO | 1 roles | 18 verses | Do, Fa, La, La–, Re–, Sib
ES - 151 - GLORIA A DIOS EN LO ALTO DEL CIELO.chordpro | GLORIA A DIOS EN LO ALTO DEL CIELO | 10 roles | 26 verses | Fa#–, La, La 7, Mi–, Re, Sol
ES - 152 - LETANÍAS DE LOS SANTOS.chordpro | LETANÍAS DE LOS SANTOS | 16 roles | 75 verses | Do, Mi–, Re 7, Sol
ES - 153 - LETANÍAS PENITENCIALES I.chordpro | LETANÍAS PENITENCIALES I | 14 roles | 15 verses | Do, La–, Mi–, Si 7
ES - 154 - LETANÍAS PENITENCIALES II.chordpro | LETANÍAS PENITENCIALES II | 58 roles | 86 verses | Do, La–, Mi–, Si 7
ES - 155 - PADRE NUESTRO.chordpro | PADRE NUESTRO | 1 roles | 12 verses | Fa, La, La–, Re–, Sib, Sol–
ES - 156 - PLEGARIA EUCARÍSTICA II.chordpro | PLEGARIA EUCARÍSTICA II | 32 roles | 102 verses | Do, Fa, La, La 7, La–, Mi, Mi 7, Mi–, Re, Re 7, Re–, Si 7, Si–, Sol, Sol–
ES - 157 - PLEGARIA EUCARÍSTICA II.chordpro | PLEGARIA EUCARÍSTICA II | 29 roles | 92 verses | Fa, La, La–, Mi–, Si–, Sol
ES - 158 - PLEGARIA EUCARÍSTICA IV.chordpro | PLEGARIA EUCARÍSTICA IV | 30 roles | 146 verses | Do, Fa, La–, Mi, Mi 7, Re, Re–, Sol
ES - 159 - PREFACIO PARA ADVIENTO Y NAVIDAD.chordpro | PREFACIO PARA ADVIENTO Y NAVIDAD | 9 roles | 27 verses | Fa, La–, Mi, Mi–, Sol
ES - 160 - PREFACIO PARA EL TIEMPO PASCUAL.chordpro | PREFACIO PARA EL TIEMPO PASCUAL | 11 roles | 27 verses | Fa, La–, Mi, Re–, Sol
ES - 161 - PREGÓN PASCUAL.chordpro | PREGÓN PASCUAL | 18 roles | 72 verses | Do, Fa, La–, Mi, Mi 7, Sol
ES - 162 - SALMODIA PARA EL SALMO RESPONSORIAL.chordpro | SALMODIA PARA EL SALMO RESPONSORIAL | 7 roles | 21 verses | Do, La–, Mi–, Si 7
ES - 163 - SALMODIA PARA LAS ORACIONES UNIVERSALES.chordpro | SALMODIA PARA LAS ORACIONES UNIVERSALES | 8 roles | 39 verses | Mi–, Re, Sol
ES - 164 - SANTO PALOMERAS 65.chordpro | SANTO PALOMERAS 65 | 6 roles | 18 verses | Fa, La, La–, Mi
ES - 165 - SANTO HEBREO.chordpro | SANTO HEBREO | 11 roles | 21 verses | Fa, Re–, Sol–
ES - 166 - SANTO PALESTINA 74.chordpro | SANTO PALESTINA 74 | 5 roles | 19 verses | La, Re–, Sol–
ES - 167 - SANTO ROMA 77.chordpro | SANTO ROMA 77 | 7 roles | 15 verses | Fa, La–, Mi, Sol
ES - 168 - SANTO 1982.chordpro | SANTO 1982 | 5 roles | 17 verses | Fa, La–, Mi, Re–, Sol
ES - 169 - SANTO 1988.chordpro | SANTO 1988 | 14 roles | 20 verses | Fa, La–, Mi, Sol
ES - 170 - TE DEUM.chordpro | TE DEUM | 10 roles | 52 verses | Fa#, La, Re, Si–
ES - 171 - ASÍ HABLA EL AMÉN.chordpro | ASÍ HABLA EL AMÉN | 5 roles | 25 verses | Do, Mi–, Re 7, Si 7, Sol
ES - 172 - BENDITO SEA DIOS.chordpro | BENDITO SEA DIOS | 9 roles | 27 verses | Fa#, La, La 7, Mi–, Re, Si–, Sol
ES - 173 - COMO EL IMPULSO QUE SIENTE LA IRA.chordpro | COMO EL IMPULSO QUE SIENTE LA IRA | 6 roles | 30 verses | Do, Fa, La 7, La–, Mi, Re–, Sol, Sol 7
ES - 174 - CONSOLAD A MI PUEBLO.chordpro | CONSOLAD A MI PUEBLO | 5 roles | 14 verses | La, La–, Mi–, Si 7, Sol
ES - 175 - DÉBORA.chordpro | DÉBORA | 11 roles | 36 verses | Fa, La–, Mi, Mi–, Re 7
ES - 176 - EL COMBATE ESCATOLÓGICO.chordpro | EL COMBATE ESCATOLÓGICO | 9 roles | 33 verses | Do, Fa, La–, Mi, Sol
ES - 177 - EL LAGARERO.chordpro | EL LAGARERO | 6 roles | 25 verses | La–, Mi–, Re, Si 7
ES - 178 - EL MISMO DIOS.chordpro | EL MISMO DIOS | 9 roles | 26 verses | Fa#, La, Re, Si–, Sol
ES - 179 - EL SEMBRADOR.chordpro | EL SEMBRADOR | 24 roles | 30 verses | Do, Fa, La, La 7, Re–, Sol, Sol–
ES - 180 - EL SEÑOR ME HA DADO.chordpro | EL SEÑOR ME HA DADO | 11 roles | 32 verses | Do, Fa#, Fa#–, Re, Si–, Sol
ES - 181 - ERES DIGNO DE TOMAR EL LIBRO.chordpro | ERES DIGNO DE TOMAR EL LIBRO | 6 roles | 24 verses | Fa, La, La 7, La–, Re–, Sol–
ES - 182 - ESCUCHAD ISLAS LEJANAS.chordpro | ESCUCHAD ISLAS LEJANAS | 9 roles | 34 verses | Fa#, Fa#–, La 7, Mi–, Re, Si–, Sol
ES - 183 - HE AQUÍ MI SIERVO.chordpro | HE AQUÍ MI SIERVO | 3 roles | 15 verses | Do, Fa, La 7, La–, Mi, Mi 7, Re–
ES - 184 - HE AQUÍ QUE NUESTRO ESPEJO ES EL SEÑOR.chordpro | HE AQUÍ QUE NUESTRO ESPEJO ES EL SEÑOR | 8 roles | 15 verses | La, La–, Re–, Sol–
ES - 185 - HIMNO A LA CRUZ GLORIOSA.chordpro | HIMNO A LA CRUZ GLORIOSA | 5 roles | 28 verses | Do#–, Fa#–, La, Mi, Si 7, Sol#
ES - 186 - JACOB.chordpro | JACOB | 12 roles | 32 verses | Do, Fa, La–, Mi, Mi 7, Re, Sol
ES - 187 - LAS ARMAS DE LA LUZ.chordpro | LAS ARMAS DE LA LUZ | 8 roles | 29 verses | Fa, La–, Mi 7, Re–, Re– 9
ES - 188 - NINGUNO PUEDE SERVIR A DOS SEÑORES.chordpro | NINGUNO PUEDE SERVIR A DOS SEÑORES | 10 roles | 32 verses | Do, Do 7, La–, Mi–, Re, Re 7, Si 7, Si–, Sol
ES - 189 - NO HAY EN ÉL PARECER.chordpro | NO HAY EN ÉL PARECER | 8 roles | 28 verses | Do, Fa, La–, Sol
ES - 190 - NO SUFRAS POR LOS MALVADOS.chordpro | NO SUFRAS POR LOS MALVADOS | 5 roles | 24 verses | Fa, La–, Mi, Re–
ES - 191 - OH SEÑOR, MI CORAZÓN YA NO ES AMBICIOSO.chordpro | OH SEÑOR, MI CORAZÓN YA NO ES AMBICIOSO | 7 roles | 13 verses | Do, La–, Mi–, Si 7
ES - 192 - SEÑOR, TÚ ME ESCRUTAS Y CONOCES.chordpro | SEÑOR, TÚ ME ESCRUTAS Y CONOCES | 3 roles | 31 verses | Do 7, Fa, La, La–, Re–, Sib, Sol–, Sol– 6
ES - 193 - SHEMÁ ISRAEL.chordpro | SHEMÁ ISRAEL | 8 roles | 34 verses | Fa, La–, Mi, Re–, Sol
ES - 194 - SIÉNTATE SOLITARIO Y SILENCIOSO.chordpro | SIÉNTATE SOLITARIO Y SILENCIOSO | 3 roles | 30 verses | Fa#, Fa#–, La, La 7, Mi–, Re, Si–, Sol
ES - 195 - TÚ HAS CUBIERTO DE VERGÜENZA LA MUERTE.chordpro | TÚ HAS CUBIERTO DE VERGÜENZA LA MUERTE | 6 roles | 35 verses | La 7, Re–, Sib 7
ES - 196 - A LA CENA DEL CORDERO.chordpro | A LA CENA DEL CORDERO | 7 roles | 27 verses | Fa, La–, Mi, Sol
ES - 197 - ABBÁ PADRE.chordpro | ABBÁ PADRE | 3 roles | 15 verses | Do, Fa, La–, Mi, Mi 7, Re–, Sol, Sol 7
ES - 198 - ADÓNDE TE ESCONDISTE AMADO.chordpro | ADÓNDE TE ESCONDISTE AMADO | 4 roles | 33 verses | Fa, Fa 7, La–, Mi, Sol
ES - 199 - COMO CONDENADOS A MUERTE.chordpro | COMO CONDENADOS A MUERTE | 10 roles | 31 verses | Fa, La–, Mi, Sol
ES - 200 - COMO DESTILA LA MIEL.chordpro | COMO DESTILA LA MIEL | 7 roles | 36 verses | Fa, La–, Mi, Re–
ES - 201 - COMO LIRIO ENTRE LOS CARDOS.chordpro | COMO LIRIO ENTRE LOS CARDOS | 6 roles | 29 verses | Fa#, Mi–, Si–, Sol
ES - 202 - CUANDO DORMÍA.chordpro | CUANDO DORMÍA | 6 roles | 30 verses | Do, Fa, La–, Mi, Re–, Sol
ES - 203 - EL ESPÍRITU DEL SEÑOR ESTÁ SOBRE MÍ.chordpro | EL ESPÍRITU DEL SEÑOR ESTÁ SOBRE MÍ | 3 roles | 12 verses | Fa, La–, Mi, Sol
ES - 204 - EL JACAL DE LOS PASTORES.chordpro | EL JACAL DE LOS PASTORES | 4 roles | 17 verses | La, Re–, Sib
ES - 205 - EN UNA NOCHE OSCURA.chordpro | EN UNA NOCHE OSCURA | 4 roles | 27 verses | Fa, La–, Mi, Re–, Re– 9
ES - 206 - EXTIENDO MIS MANOS.chordpro | EXTIENDO MIS MANOS | 5 roles | 13 verses | Fa#, La, Mi, Re, Si–, Sol
ES - 207 - HERMOSA ERES, AMIGA MÍA.chordpro | HERMOSA ERES, AMIGA MÍA | 5 roles | 26 verses | La 7, Re 7, Re–, Sib, Sib 7, Sol–
ES - 208 - HIMNO A LA CARIDAD.chordpro | HIMNO A LA CARIDAD | 2 roles | 29 verses | Do, Fa, La–, Sol
ES - 209 - HUYE, AMADO MÍO.chordpro | HUYE, AMADO MÍO | 4 roles | 13 verses | Fa, Fa#–, La, La–, Mi, Mi 7, Re–
ES - 210 - JESÚS RECORRÍA TODAS LAS CIUDADES.chordpro | JESÚS RECORRÍA TODAS LAS CIUDADES | 19 roles | 38 verses | Do, Fa, La–, Mi, Mi 7, Mi–, Re–, Sol
ES - 211 - LA CORDERA DE DIOS.chordpro | LA CORDERA DE DIOS | 10 roles | 35 verses | Do, La–, Mi–, Si 7
ES - 212 - LA PALOMA VOLÓ.chordpro | LA PALOMA VOLÓ | 5 roles | 21 verses | Do, La–, La– 6, Mi–, Si 7
ES - 213 - LA VOZ DE MI AMADO.chordpro | LA VOZ DE MI AMADO | 9 roles | 35 verses | Do, Fa, La–, Mi, Re–, Sol
ES - 214 - ME ROBASTE EL CORAZÓN.chordpro | ME ROBASTE EL CORAZÓN | 13 roles | 39 verses | Do, Fa, La, Re–, Sib, Sol–
ES - 215 - NO RESISTÁIS AL MAL.chordpro | NO RESISTÁIS AL MAL | 8 roles | 33 verses | La, Re, Si–, Sol
ES - 216 - NOLI ME TANGERE.chordpro | NOLI ME TANGERE | 9 roles | 25 verses | Do, Do–, Fa, Fa–, Sib, Sol, Sol#
ES - 217 - QUIÉN ES ÉSTA QUE SUBE DEL DESIERTO.chordpro | QUIÉN ES ÉSTA QUE SUBE DEL DESIERTO | 5 roles | 17 verses | Fa, La–, Mi, Re–, Sol
ES - 218 - QUIERO ANDAR.chordpro | QUIERO ANDAR | 5 roles | 15 verses | Fa, La–, Mi, Re–
ES - 219 - SERMÓN DE LA MONTAÑA.chordpro | SERMÓN DE LA MONTAÑA | 16 roles | 35 verses | Do# 7, Fa#, La, La 7, Mi, Re, Si, Si 7, Si–, Sol
ES - 220 - SUBA EL ESPOSO AL LEÑO DE SU TÁLAMO.chordpro | SUBA EL ESPOSO AL LEÑO DE SU TÁLAMO | 5 roles | 22 verses | Fa, La–, Mi, Re–
ES - 221 - TÚ ERES MI ESPERANZA, SEÑOR.chordpro | TÚ ERES MI ESPERANZA, SEÑOR | 5 roles | 15 verses | Do# dim, La 7, Re–, Sib 7, Sol–
ES - 222 - VEN DEL LÍBANO.chordpro | VEN DEL LÍBANO | 8 roles | 38 verses | Do, La, La–, Mi–, Re, Sol
