# HR Parsing Summary Log
# Generated: 2025-08-27 11:42:57
# Timestamp: 20250827_114257
# Format: FILENAME | TITLE | VERSES | CHORDS
--------------------------------------------------------------------------------
HR - 001 - POKORNIČKE LITANIJE KRATKE.chordpro | POKORNIČKE LITANIJE KRATKE | 20 verses | C, H7, a, e
HR - 002 - POKORNIČKE LITANIJE.chordpro | POKORNIČKE LITANIJE | 3 verses | C, H7, a, e
HR - 003 - BLAGOSLOV ZA POKORNIČKO SLAVLJE.chordpro | BLAGOSLOV ZA POKORNIČKO SLAVLJE | 9 verses | E, E7, F, G, a, d
HR - 004 - SLAVA BOGU NA VISINI.chordpro | SLAVA BOGU NA VISINI | 9 verses | A, D, G, e, fis
HR - 005 - SVET JE SVET (Korizmeno vrijeme).chordpro | SVET JE SVET (Korizmeno vrijeme) | 11 verses | G, a, e
HR - 006 - SVET (Kroz godinu).chordpro | SVET (Kroz godinu) | 5 verses | E, F, G, a
HR - 007 - SVET JE GOSPODIN - SVET BARAKA (U vrijeme Došašća).chordpro | SVET JE GOSPODIN - SVET BARAKA  (U vrijeme Došašća) | 6 verses | A, E, E7, F, a
HR - 008 - SVET SVET SVET - HOSANA CVJETNICE (i u pashalno vrijeme).chordpro | SVET SVET SVET - HOSANA CVJETNICE (i u pashalno vrijeme) | 5 verses | A, A7, d, g
HR - 009 - SVET, SVET, SVET (1988.).chordpro | SVET, SVET, SVET (1988.) | 11 verses | E7, F, G, a
HR - 010 - SVET (1983.).chordpro | SVET (1983.) | 5 verses | E, F, G, a, d
HR - 011 - DRUGA EUHARISTIJSKA MOLITVA.chordpro | DRUGA EUHARISTIJSKA MOLITVA | 15 verses | A, A7, C, E, E7, F, G, a, d, fis, g
HR - 012 - BLAGOSLOV VODE KRSNOG STUDENCA.chordpro | BLAGOSLOV VODE KRSNOG STUDENCA | 8 verses | C, D, H7, a, e
HR - 013 - PASHALNI HVALOSPJEV.chordpro | PASHALNI HVALOSPJEV | 16 verses | C, E, F, G, a
HR - 014 - PASHALNO PREDSLOVLJE.chordpro | PASHALNO PREDSLOVLJE | 9 verses | E, E7, F, G, a, d
HR - 015 - HIMAN POHVALA DOŠAŠĆA DO 16. PROSINCA.chordpro | HIMAN POHVALA DOŠAŠĆA DO 16. PROSINCA | 5 verses | G, a
HR - 016 - HIMAN POHVALA DOŠAŠĆA POSLIJE 16. PROSINCA.chordpro | HIMAN POHVALA DOŠAŠĆA POSLIJE 16. PROSINCA | 6 verses | G, a
HR - 017 - HIMAN POHVALA OD USKRSA DO UZAŠAŠĆA.chordpro | HIMAN POHVALA OD USKRSA DO UZAŠAŠĆA | 10 verses | A, FIS, G, h
HR - 018 - HIMAN VEČERNJE DO UZAŠAŠĆA GOSPODINOVA.chordpro | HIMAN VEČERNJE DO UZAŠAŠĆA GOSPODINOVA | 11 verses | E, F, G, a
HR - 019 - HIMAN VEČERNJE BLAGDANA UZAŠAŠĆA.chordpro | HIMAN VEČERNJE BLAGDANA UZAŠAŠĆA | 12 verses | C, D, H7, e
HR - 020 - DUHOVSKI HIMAN O DOĐI, STVORČE, DUŠE SVET.chordpro | DUHOVSKI HIMAN: O DOĐI, STVORČE, DUŠE SVET | 13 verses | G, a
HR - 021 - HIMAN POHVALA DUHOVA.chordpro | HIMAN POHVALA DUHOVA | 13 verses | G, a
HR - 022 - DUHOVSKA POSLJEDNICA (DOĐI, DUŠE SVETI).chordpro | DUHOVSKA POSLJEDNICA (DOĐI, DUŠE SVETI) | 13 verses | C, E, F
HR - 023 - DRUGA EUHARISTIJSKA MOLITVA (2) Predslovlje.chordpro | DRUGA EUHARISTIJSKA MOLITVA (2): Predslovlje | 15 verses | A, A7, F, G, a, d, e, g, h
HR - 024 - PASHALNO ALELUJA.chordpro | PASHALNO ALELUJA | 6 verses | A, D
HR - 025 - ALELUJA PRIJE EVANĐELJA.chordpro | ALELUJA PRIJE EVANĐELJA | 6 verses | A, A7, D, G, a, e, h
HR - 026 - PRIPJEV ZA EVANĐELJE U KORIZMENO VRIJEME.chordpro | PRIPJEV ZA EVANĐELJE U KORIZMENO VRIJEME | 6 verses | A, D, G
HR - 027 - TE DEUM.chordpro | TE DEUM | 3 verses | C, E, E7, G, a
HR - 028 - JAGANJČE BOŽJI.chordpro | JAGANJČE BOŽJI | 1 verses | E, F, G, a
HR - 029 - OČE NAŠ (Mt. 6, 9-13) ().chordpro | OČE NAŠ (Mt. 6, 9-13) (*) | 0 verses | none
HR - 030 - APOSTOLSKO VJEROVANJE ().chordpro | APOSTOLSKO VJEROVANJE (*) | 0 verses | none
HR - 031 - BLAGOSLOV ZARUČNIKA.chordpro | BLAGOSLOV ZARUČNIKA | 1 verses | H7, e
HR - 032 - LITANIJE SVIH SVETIH.chordpro | LITANIJE SVIH SVETIH | 3 verses | C, Ce, D, G, e
HR - 033 - USKRSNUO JE (usp. 1 Kor 15).chordpro | USKRSNUO JE (usp. 1 Kor 15) | 9 verses | E, F, G, a
HR - 034 - PREMA TEBI, GRADE SVETI.chordpro | PREMA TEBI, GRADE SVETI * | 3 verses | E, E7, F, G, a
HR - 035 - TVRD JE HOD.chordpro | TVRD JE HOD * | 4 verses | A7, E, E7, F, a, d
HR - 036 - IZ DUBINE VAPIJEM TEBI, GOSPODINE - Ps 129 (130).chordpro | IZ DUBINE VAPIJEM TEBI, GOSPODINE - Ps 129 (130) | 11 verses | E7, E7a, F, G, a, d
HR - 037 - JOŠUINA PJESMA (Jš 24,2-13).chordpro | JOŠUINA PJESMA (Jš 24,2-13) | 7 verses | A, C, CIS, D, E, H7, e, fis, gis
HR - 038 - BLAGOSLIVLJAJ, DUŠO MOJA, JAHVU - Ps 102 (103).chordpro | BLAGOSLIVLJAJ, DUŠO MOJA, JAHVU - Ps 102 (103) | 3 verses | E, a, d
HR - 039 - DOKLE ĆEŠ ME - Ps 12 (13).chordpro | DOKLE ĆEŠ ME - Ps 12 (13) | 8 verses | E, E7, a
HR - 040 - JAHVE, TI SI MOJ BOG (Iz 25, 1 - 8).chordpro | JAHVE, TI SI MOJ BOG (Iz 25, 1 - 8) | 7 verses | E7, F, G, a
HR - 041 - PJEVAJMO, PJEVAJMO (Izl 15,1-2).chordpro | PJEVAJMO, PJEVAJMO (Izl 15,1-2) | 3 verses | A, D, E, E7, H7
HR - 042 - NEK DOPRE DO TEBE MOJA MOLITVA - Ps 118 (119).chordpro | NEK DOPRE DO TEBE MOJA MOLITVA - Ps 118 (119) | 2 verses | E, F, G, a
HR - 043 - GLEDAJTE KAKO JE DOBRO - Ps 132 (133).chordpro | GLEDAJTE KAKO JE DOBRO - Ps 132 (133) | 1 verses | C, D, DG, G, H7, a, e, h
HR - 044 - KAKO JE LIJEPO, KAKO RADUJE - Ps 132 (133).chordpro | KAKO JE LIJEPO, KAKO RADUJE - Ps 132 (133) | 9 verses | E, F, G, a, d
HR - 045 - GLE, KAKO JE DOBRA - Ps 132 (133).chordpro | GLE, KAKO JE DOBRA - Ps 132 (133) | 9 verses | C, H7, a, e
HR - 046 - HVALITE JAHVU - Ps 135 (136).chordpro | HVALITE JAHVU - Ps 135 (136) | 29 verses | C, D, G, H7, a, e, h
HR - 047 - PJESMA TROJICE MLADIĆA (Dn 3,52 - 57).chordpro | PJESMA TROJICE MLADIĆA (Dn 3,52 - 57) | 16 verses | A, C, D, E, G, H, H7, e, fis
HR - 048 - PJESMA TROJICE MLADIĆA (Dn 3, 57 - 88).chordpro | PJESMA TROJICE MLADIĆA (Dn 3, 57 - 88) | 17 verses | E7, a
HR - 049 - HVALITE GOSPODINA S NEBESA - Ps 148 ().chordpro | HVALITE GOSPODINA S NEBESA - Ps 148 (*) | 5 verses | A, fis
HR - 050 - HVALITE BOGA, ALELUJA - Ps 150.chordpro | HVALITE BOGA, ALELUJA - Ps 150 | 7 verses | A, D, E
HR - 051 - GOSPODIN MI JE SVJETLOST I SPASENJE - Ps 26 (27).chordpro | GOSPODIN MI JE SVJETLOST I SPASENJE - Ps 26 (27) | 6 verses | A7, B, C, G, d, g
HR - 052 - HEVENU SHALOM ALEHEM (Hebrejska pjesma).chordpro | HEVENU SHALOM ALEHEM (Hebrejska pjesma) | 8 verses | A, A7, d, g
HR - 053 - ABBA, OČE (Rim 8,15 - 17).chordpro | ABBA, OČE (Rim 8,15 - 17) | 3 verses | C, E, E7, F, G, G7, a, d
HR - 054 - VEĆ DOLAZI KRALJEVSTVO (Otk 19, 6 - 9).chordpro | VEĆ DOLAZI KRALJEVSTVO (Otk 19, 6 - 9) * | 9 verses | G, H7, e
HR - 055 - TKO ĆE NAS RASTAVITI (Rim 8, 33 - 39).chordpro | TKO ĆE NAS RASTAVITI (Rim 8, 33 - 39) | 8 verses | E, E7, F, G, a
HR - 056 - MAGNIFICAT (Lk 1, 46 - 55).chordpro | MAGNIFICAT (Lk 1, 46 - 55) | 9 verses | A, A7, D, E
HR - 057 - DIĆI ĆU ČAŠU SPASENJA - Ps 114 - 115 (116).chordpro | DIĆI ĆU ČAŠU SPASENJA - Ps 114 - 115 (116) | 6 verses | A, D, D7, E7, G, e, fis, h
HR - 058 - KADA GOSPODIN - Ps 125 (126).chordpro | KADA GOSPODIN - Ps 125 (126) | 5 verses | A, D, G, e
HR - 059 - ZAHARIJIN HVALOSPJEV (Lk 1, 68 - 79).chordpro | ZAHARIJIN HVALOSPJEV (Lk 1, 68 - 79) | 7 verses | H7, a, e
HR - 060 - O SMRTI, GDJE JE TVOJA POBJEDA (1 Kor 15).chordpro | O SMRTI, GDJE JE TVOJA POBJEDA? (1 Kor 15) | 10 verses | A, C, D, D7, FIS, G, a, d, h
HR - 061 - NEBESA, KIŠITE ODOZGO (Iz 45,8).chordpro | NEBESA, KIŠITE ODOZGO (Iz 45,8) | 17 verses | E, E7, F, G, a
HR - 062 - DUHOVI.chordpro | DUHOVI | 6 verses | A, A7, B, C, F, G, d
HR - 063 - EVO ME, JA BRZO DOLAZIM (Otk 22, 12 - 16).chordpro | EVO ME, JA BRZO DOLAZIM (Otk 22, 12 - 16) | 4 verses | A, E, E7, H7, cis, fis
HR - 064 - DOĐI, SINE ČOVJEČJI (Otk 22, 17).chordpro | DOĐI, SINE ČOVJEČJI (Otk 22, 17) | 3 verses | C, H7, a, e
HR - 065 - ABRAHAM (Post 18,1-6).chordpro | ABRAHAM (Post 18,1-6) | 4 verses | E, F, G, a, d
HR - 066 - MOJSIJEV HVALOSPJEV (Izl 15, 1 - 18).chordpro | MOJSIJEV HVALOSPJEV (Izl 15, 1 - 18) | 16 verses | A7, C7, D7, F, G7
HR - 067 - HVALITE GOSPODINA, SVI NARODI ZEMLJE - Ps 116 (117).chordpro | HVALITE GOSPODINA, SVI NARODI ZEMLJE - Ps 116 (117) | 5 verses | C, G, H7, a
HR - 068 - KADA IZRAEL IZAÐE IZ EGIPTA - Ps 113 A (114).chordpro | KADA IZRAEL IZAÐE IZ EGIPTA - Ps 113 A (114) | 8 verses | A, D, E, F, FIS, G, GIS, H, a, cis, e, fis, h
HR - 069 - PODIGNITE VRATA - Ps 23 (24).chordpro | PODIGNITE VRATA - Ps 23 (24) | 26 verses | A, E, G, H, a, e, h
HR - 070 - GOSPODIN JE PASTIR MOJ - Ps 22 (23).chordpro | GOSPODIN JE PASTIR MOJ - Ps 22 (23) | 10 verses | E, E7, F, G, a
HR - 071 - NA RIJEKAMA BABILONIJE - Ps 136 (137).chordpro | NA RIJEKAMA BABILONIJE - Ps 136 (137) | 5 verses | D, H7, a, e
HR - 072 - SMILUJ MI SE, BOŽE - Ps 50 (51).chordpro | SMILUJ MI SE, BOŽE - Ps 50 (51) | 42 verses | a, e
HR - 073 - MILOSRĐE, BOŽE - Ps 50 (51).chordpro | MILOSRĐE, BOŽE - Ps 50 (51) | 12 verses | D, a, e
HR - 074 - ISUS KRIST JE GOSPODIN! (Fil 2, 1 - 11).chordpro | ISUS KRIST JE GOSPODIN!  (Fil 2, 1 - 11) | 12 verses | C, D, G, H7, a, e
HR - 075 - ZDRAVO MARIJO.chordpro | ZDRAVO MARIJO | 2 verses | C, E, F, a, d
HR - 076 - ZDRAVO, MARIJO (1984.).chordpro | ZDRAVO, MARIJO (1984.) | 2 verses | C, E, F
HR - 077 - MARIJO, MALA MARIJO.chordpro | MARIJO, MALA MARIJO | 5 verses | A, A7, D, FIS, G, fis
HR - 078 - DIŽEM OČI PREMA BRDIMA - Ps 120 (121).chordpro | DIŽEM OČI PREMA BRDIMA - Ps 120 (121) | 10 verses | C, D, G, h
HR - 079 - PJESMA OSLOBOÐENIH (Iz 12, 4 - 6).chordpro | PJESMA OSLOBOÐENIH (Iz 12, 4 - 6) | 7 verses | C, E, E7, F, G, a
HR - 080 - AKO DANAS ČUJETE NJEGOV GLAS - Ps 94 (95).chordpro | AKO DANAS ČUJETE NJEGOV GLAS - Ps 94 (95) | 9 verses | E, GIS, H7, cis, fis
HR - 081 - DOÐITE, KLIČIMO GOSPODINU - Ps 94 (95).chordpro | DOÐITE, KLIČIMO GOSPODINU - Ps 94 (95) | 7 verses | A, A7, D, G, e
HR - 082 - DAJENU'.chordpro | DAJENU' | 18 verses | C, D, H7, a, e
HR - 083 - PASHALNOJ ŽRTVI.chordpro | PASHALNOJ  ŽRTVI | 5 verses | A7, E, F, a, d
HR - 084 - PASHALNI HIMAN.chordpro | PASHALNI HIMAN | 4 verses | G7, c, f
HR - 085 - HIMAN DOŠAŠĆA.chordpro | HIMAN DOŠAŠĆA | 2 verses | E, a, d
HR - 086 - URI, URI, URA.chordpro | URI, URI, URA | 10 verses | H7, e
HR - 087 - VEĆ DOLAZI MOJ BOG.chordpro | VEĆ DOLAZI MOJ BOG | 9 verses | H7, e
HR - 088 - AMEN - AMEN - AMEN (Otk 7, 12 - 14).chordpro | AMEN - AMEN - AMEN  (Otk 7, 12 - 14) * | 7 verses | A, D, E, cis, fis
HR - 089 - AKO GOSPODIN KUĆE NE GRADI - Ps 126 (127).chordpro | AKO GOSPODIN KUĆE NE GRADI - Ps 126 (127) | 8 verses | A, D, FIS, G, h
HR - 090 - KUŠAJTE I VIDITE - Ps 33 (34).chordpro | KUŠAJTE I VIDITE - Ps 33 (34) | 6 verses | C, C7, H7, a, e
HR - 091 - IZ LJUBAVI PREMA BRAĆI SVOJOJ - PS 121 (122).chordpro | IZ LJUBAVI PREMA BRAĆI SVOJOJ - PS 121 (122) | 10 verses | H7, a, e
HR - 092 - UZDAH SE, UZDAH SE U GOSPODINA - Ps 39 (40).chordpro | UZDAH SE, UZDAH SE U GOSPODINA - Ps 39 (40) | 13 verses | E, F, a, e
HR - 093 - JA HOĆU PJEVATI - Ps 56 (57).chordpro | JA HOĆU PJEVATI - Ps 56 (57) | 13 verses | A, D, G, e, fis
HR - 094 - ZAŠTO SE NARODI ROTE - Ps 2.chordpro | ZAŠTO SE NARODI ROTE - Ps 2 | 6 verses | H7, a, e
HR - 095 - KAO ŠTO KOŠUTA ŽUDI - Ps 41 - 42 (42 - 43).chordpro | KAO ŠTO KOŠUTA ŽUDI - Ps 41 - 42 (42 - 43) | 5 verses | A, CIS, E, GIS, H7, cis, fis
HR - 096 - O KLIČI GOSPODINU - Ps 99 (100).chordpro | O KLIČI GOSPODINU - Ps 99 (100) | 9 verses | A, G, H7, a, e
HR - 097 - O KLIČITE RADOSNO (Iz 12,1 ss).chordpro | O KLIČITE RADOSNO (Iz 12,1 ss) | 7 verses | E, F, G, a
HR - 098 - KAD SE PROBUDIM NAUŽIT ĆU SE TVOGA LICA, GOSPODINE - Ps 16 (17).chordpro | KAD SE PROBUDIM NAUŽIT ĆU SE TVOGA LICA, GOSPODINE * - Ps 16 (17) | 9 verses | G, GIS, c, f
HR - 099 - PJESMA DJECE U USKRSNOM BDIJENJU (Hebrejska melodija).chordpro | PJESMA DJECE U USKRSNOM BDIJENJU (Hebrejska melodija) | 22 verses | E, a, d
HR - 100 - NEĆU UMRIJETI - Ps 117 (118) ().chordpro | NEĆU UMRIJETI - Ps 117 (118) (*) | 71 verses | C, G, H7, e
HR - 101 - RECITE PREPLAŠENIM SRCIMA (Iz 35, 4 - 10).chordpro | RECITE PREPLAŠENIM SRCIMA (Iz 35, 4 - 10) | 8 verses | C, E, F, a, d, e
HR - 102 - O BOŽE, TI SI BOG MOJ - Ps 62 (63).chordpro | O BOŽE, TI SI BOG MOJ - Ps 62 (63) | 9 verses | E, F, a, d
HR - 103 - BOG SE DIŽE S HVALOSPJEVOM - Ps 46 (47).chordpro | BOG SE DIŽE S HVALOSPJEVOM - Ps 46 (47) | 5 verses | a, d
HR - 104 - NAROD KOJI JE U TMINI HODIO (Iz 9, 1 - 5).chordpro | NAROD KOJI JE U TMINI HODIO (Iz 9, 1 - 5) | 4 verses | C, F, G, GIS, a
HR - 105 - DAJ HVALU GOSPODINU - Ps 145 (146).chordpro | DAJ HVALU GOSPODINU - Ps 145 (146) | 9 verses | C, D, G, H7, e, h
HR - 106 - BILEAMOVA PJESMA (Br 23, 7 - 24).chordpro | BILEAMOVA PJESMA (Br 23, 7 - 24) | 8 verses | D, G, Gh, e, h
HR - 107 - PRED LICEM ANĐELA - Ps 137 (138).chordpro | PRED LICEM ANĐELA - Ps 137 (138) | 9 verses | C, E, F, G
HR - 108 - KAD IZRAEL BIJAŠE DIJETE (Hoš 11, 1 - 11).chordpro | KAD IZRAEL BIJAŠE DIJETE (Hoš 11, 1 - 11) | 10 verses | B, C, F, d, g
HR - 109 - TO JE PASHA GOSPODINA.chordpro | TO JE PASHA GOSPODINA | 9 verses | E, G, a
HR - 110 - SVE IMA SVOJE DOBA (Prop 3, 1 - 15).chordpro | SVE IMA SVOJE DOBA (Prop 3, 1 - 15) | 8 verses | C, E7, F, a, d, e
HR - 111 - BLAGOSLIVLJAJ, DUŠO MOJA, GOSPODINA (Hvalospjev Tobijin - Tob 13).chordpro | BLAGOSLIVLJAJ, DUŠO MOJA, GOSPODINA (Hvalospjev Tobijin - Tob 13) * | 8 verses | G, a
HR - 112 - KAKO SU MILI STANOVI TVOJI - Ps 83 (84).chordpro | KAKO SU MILI STANOVI TVOJI - Ps 83 (84) | 5 verses | C, F, G, a, e
HR - 113 - DOLAZI GOSPODIN U SLAVU ZAODJEVEN.chordpro | DOLAZI GOSPODIN U SLAVU ZAODJEVEN | 7 verses | d, g
HR - 114 - DAN ODMORA.chordpro | DAN ODMORA | 8 verses | a, e
HR - 115 - UTJEŠITE NAROD MOJ (Iz 40,1-11).chordpro | UTJEŠITE NAROD MOJ (Iz 40,1-11) | 6 verses | A, G, H7, a, e
HR - 116 - BIJAHU DVA ANĐELA.chordpro | BIJAHU DVA ANĐELA | 4 verses | E, a, d
HR - 117 - LJUBIM GOSPODINA - Ps 114 - 115 (116).chordpro | LJUBIM GOSPODINA - Ps 114 - 115 (116) | 4 verses | C, D, D7, G, a, h
HR - 118 - DOĐITE K MENI, SVI VI (Mt 11, 28 - 30).chordpro | DOĐITE K MENI, SVI VI (Mt 11, 28 - 30) | 2 verses | C, E, F, a
HR - 119 - TEBE, GOSPODINE, TREBA SLAVITI NA SIONU - Ps 64 (65).chordpro | TEBE, GOSPODINE, TREBA SLAVITI NA SIONU - Ps 64 (65) | 6 verses | A7, B, d, g
HR - 120 - AKO SE GOSPODINU JA UTEKOH - Ps 10 (11).chordpro | AKO SE GOSPODINU JA UTEKOH - Ps 10 (11) | 3 verses | C, C7, G, H7, a, e
HR - 121 - GOSPODIN NAVIJESTI JEDNU VIJEST - Ps 67 (68).chordpro | GOSPODIN NAVIJESTI JEDNU VIJEST - Ps 67 (68) | 5 verses | A, G, a, e, h
HR - 122 - BLAGOSLIVLJAJTE GOSPODINA - Ps 133 (134).chordpro | BLAGOSLIVLJAJTE GOSPODINA - Ps 133 (134) | 4 verses | A, B, d
HR - 123 - KĆERI JERUZALEMSKE (Lk 23, 28. 31. 34. 43. 46).chordpro | KĆERI JERUZALEMSKE (Lk 23, 28. 31. 34. 43. 46) | 8 verses | E, F, G, a
HR - 124 - TEBI SAM OBJAVIO SVOJ GRIJEH - Ps 31 (32).chordpro | TEBI SAM OBJAVIO SVOJ GRIJEH - Ps 31 (32) | 7 verses | G, a, d
HR - 125 - MARIJA, MAJKA CRKVE (Iv 19,26-34).chordpro | MARIJA, MAJKA CRKVE (Iv 19,26-34) | 6 verses | E, E7, F, G, G7, a, d
HR - 126 - STABAT MATER.chordpro | STABAT MATER | 14 verses | A7, B7, C7, d
HR - 127 - PRIJEKORI GOSPODINOVI - PUČE MOJ.chordpro | PRIJEKORI GOSPODINOVI - PUČE MOJ | 14 verses | H7, a, e
HR - 128 - O GOSPODINE, BOŽE NAŠ - Ps 8.chordpro | O GOSPODINE, BOŽE NAŠ - Ps 8 | 5 verses | C, G, H7, a, e
HR - 129 - BLAGOSLOVLJENA SI TI, MARIJO (Lk 1, 42 - 44).chordpro | BLAGOSLOVLJENA SI TI, MARIJO (Lk 1, 42 - 44) | 4 verses | E, F, G, a, d
HR - 130 - ZDRAVO, KRALJICE NEBESKA.chordpro | ZDRAVO, KRALJICE NEBESKA | 4 verses | E, E7, F, G, a, d
HR - 131 - DJEVICA DIVOTE.chordpro | DJEVICA DIVOTE | 7 verses | FIS, G, e, h
HR - 132 - MARIJO, KUĆO BLAGOSLOVA.chordpro | MARIJO, KUĆO BLAGOSLOVA | 5 verses | E, F, G, a, d
HR - 133 - BLAGOSLIVLJAT ĆU GOSPODINA U SVAKO DOBA (1986.) - Ps 33 (34).chordpro | BLAGOSLIVLJAT ĆU GOSPODINA U SVAKO DOBA (1986.) - Ps 33 (34) | 10 verses | A, B, C, d
HR - 134 - ŽETVA NARODA (Iv 4, 31 - 38).chordpro | ŽETVA NARODA (Iv 4, 31 - 38) | 9 verses | A, FIS, G, e, h
HR - 135 - GOVORI GOSPODIN GOSPODINU MOJEMU - Ps 109 (110).chordpro | GOVORI GOSPODIN GOSPODINU MOJEMU - Ps 109 (110) | 6 verses | A, E, GIS, H, H7, cis
HR - 136 - BLAŽEN ČOVJEK - Ps 1.chordpro | BLAŽEN ČOVJEK - Ps 1 | 8 verses | E, F, G, a
HR - 137 - TI SI NAJLJEPŠI - Ps 44 (45).chordpro | TI SI NAJLJEPŠI - Ps 44 (45) | 8 verses | A, E, GIS, H, cis, fis
HR - 138 - SREĆA ČOVJEKU (1990.) - Ps 127 (128).chordpro | SREĆA ČOVJEKU (1990.) - Ps 127 (128) | 5 verses | E, F, a, d, e
HR - 139 - BOG NEK USTANE - Ps 67 (68) (rr 2. 4 - 7).chordpro | BOG NEK USTANE - Ps 67 (68) (rr 2. 4 - 7) | 3 verses | E
HR - 140 - POĐIMO VEĆ PASTIRI.chordpro | POĐIMO VEĆ PASTIRI | 8 verses | H7, a, e
HR - 141 - MARIA DI JASNA GORA ().chordpro | MARIA DI JASNA GORA (*) | 6 verses | H, a, e
HR - 142 - TEBI, GOSPODINE, SVOJIM GLASOM VAPIJEM - Ps 141 (142).chordpro | TEBI, GOSPODINE, SVOJIM GLASOM VAPIJEM - Ps 141 (142) | 6 verses | E, E7, F, G, a, d
HR - 143 - JEDNA MLADICA KLIJA IZ PANJA JIŠAJEVA (Iz 11).chordpro | JEDNA MLADICA KLIJA IZ PANJA JIŠAJEVA (Iz 11) | 7 verses | C, D, G, H7, a, e
HR - 144 - K TEBI, GOSPODINE, UZDIŽEM SVOJU DUŠU - Ps 24 (25).chordpro | K TEBI, GOSPODINE, UZDIŽEM SVOJU DUŠU - Ps 24 (25) | 5 verses | E, F, a, d
HR - 145 - PRIZIVLJEM TE - Ps 140 (141).chordpro | PRIZIVLJEM TE - Ps 140 (141) | 5 verses | C, D, G, H7, a, e
HR - 146 - K TEBI UZDIŽEM SVOJE OČI - Ps 123 (122).chordpro | K TEBI UZDIŽEM SVOJE OČI - Ps 123 (122) | 4 verses | A, A7, B, d, g
HR - 147 - GOSPODINE, NEMOJ ME KAZNITI - Ps 6.chordpro | GOSPODINE, NEMOJ ME KAZNITI - Ps 6 | 9 verses | A, FIS, G, e, h
HR - 148 - SLAVA, SLAVA, SLAVA (Iz 66, 18 ss).chordpro | SLAVA, SLAVA, SLAVA (Iz 66, 18 ss) | 11 verses | A, E, FIS, GIS, H, H7, cis
HR - 149 - USKLIKNITE, PRAVEDNICI U GOSPODINU - Ps 32.chordpro | USKLIKNITE, PRAVEDNICI U GOSPODINU - Ps 32 | 5 verses | C, D, G, H7, a, e
HR - 150 - MNOGO SU ME PROGANJALI - Ps 128.chordpro | MNOGO SU ME PROGANJALI - Ps 128 | 7 verses | A7, d
HR - 151 - LJUBIM TE, GOSPODINE - Ps 18.chordpro | LJUBIM TE, GOSPODINE - Ps 18 | 5 verses | A, D, FIS, G, h
HR - 152 - MARIJO, MAJKO GORUĆEG PUTA.chordpro | MARIJO, MAJKO GORUĆEG PUTA | 4 verses | A, C, D, G, e
HR - 153 - SHLOM LECH MARIAM.chordpro | SHLOM LECH MARIAM | 7 verses | C, G, H7, a, e
HR - 154 - IDITE I NAVIJESTITE MOJOJ BRAĆI (Mt 28,16-20).chordpro | IDITE I NAVIJESTITE MOJOJ BRAĆI (Mt 28,16-20) | 7 verses | C, E, F, G, a, d
HR - 155 - POKAZAT ĆEŠ MI STAZU ŽIVOTA - Ps 15 (16).chordpro | POKAZAT ĆEŠ MI STAZU ŽIVOTA - Ps 15 (16) | 6 verses | E, F, a, d
HR - 156 - O BOŽE, PO SVOJEM IMENU - Ps 53 (54).chordpro | O BOŽE, PO SVOJEM IMENU - Ps 53 (54) | 4 verses | A, A7, B, B7, C, E, F7, a, d, g
HR - 157 - BEZUMNIK MISLI DA NEMA BOGA - Ps 13 (14).chordpro | BEZUMNIK MISLI DA NEMA BOGA - Ps 13 (14) | 6 verses | A, A7, B, C, F, a, d, g
HR - 158 - GOSPODINE, POSLUŠAJ MOJU MOLITVU - Ps 142 (143).chordpro | GOSPODINE, POSLUŠAJ MOJU MOLITVU - Ps 142 (143) | 10 verses | C, D, D7, c, g
HR - 159 - NIJE OVDJE (Mt 28, 1 - 7) ().chordpro | NIJE OVDJE (Mt 28, 1 - 7) (*) | 6 verses | C, D, D7, E, F, G, c, d, g
HR - 160 - UZET ĆU VAS IZ NARODA (Ez 36, 24 - 28).chordpro | UZET ĆU VAS IZ NARODA (Ez 36, 24 - 28) | 5 verses | A, B, D7, d, g
HR - 161 - VI STE SVJETLO SVIJETA (Mt 5, 14 - 16).chordpro | VI STE SVJETLO SVIJETA (Mt 5, 14 - 16) | 3 verses | A, A7, B, F, d, g
HR - 162 - SAMA SA SAMIM.chordpro | SAMA SA SAMIM | 2 verses | A, A7, B, C, F, d, g
HR - 163 - USRED JEDNOG VELIKOG MNOŠTVA.chordpro | USRED JEDNOG VELIKOG MNOŠTVA | 5 verses | E, F, G, a
HR - 164 - ZAKEJ (Lk. 19, 1 - 10).chordpro | ZAKEJ (Lk. 19, 1 - 10) | 9 verses | E, F, G, a, d
HR - 165 - ZDRAVO MARIJO, GOLUBICE NEOSKVRNJENA.chordpro | ZDRAVO MARIJO, GOLUBICE NEOSKVRNJENA | 6 verses | FIS, G, e, h
HR - 166 - AKO STE USKRSNULI S KRISTOM.chordpro | AKO STE USKRSNULI S KRISTOM | 4 verses | C, H7, a, e
HR - 167 - SJEDNI OSAMLJEN I ŠUTLJIV (Tuž 3, 1 - 33).chordpro | SJEDNI OSAMLJEN I ŠUTLJIV (Tuž 3, 1 - 33) | 2 verses | A, A7, D, FIS, G, e, fis, h
HR - 168 - OVAKO GOVORI AMEN (Otk 3, 14 - 22).chordpro | OVAKO GOVORI AMEN (Otk 3, 14 - 22) | 9 verses | C, D, D7, G, H7, e
HR - 169 - VIDJET ĆE TE KRALJEVI II. PJESMA O SLUZI (Iz 49, 1 - 16).chordpro | VIDJET ĆE TE KRALJEVI: II. PJESMA O SLUZI (Iz 49, 1 - 16) | 9 verses | A7, D, FIS, G, e, fis, h
HR - 170 - JAKOV (Post 32, 23 - 29).chordpro | JAKOV (Post 32, 23 - 29) | 8 verses | C, D, E, E7, F, G, a
HR - 171 - DEBORA (Suci 5).chordpro | DEBORA (Suci 5) | 10 verses | D7, E, F, a, e
HR - 172 - VIDIM NEBESA OTVORENA (Otk 19, 11 - 20).chordpro | VIDIM NEBESA OTVORENA (Otk 19, 11 - 20) | 7 verses | C, E, F, G, a
HR - 173 - SIJAČ (Mk 4, 3 - 9).chordpro | SIJAČ (Mk 4, 3 - 9) | 19 verses | A, D, G, H7, a, e
HR - 174 - DUH GOSPODNJI NA MENI JE (Lk 4, 18 - 19; Iz 61, 1 - 3).chordpro | DUH GOSPODNJI NA MENI JE (Lk 4, 18 - 19; Iz 61, 1 - 3) | 6 verses | E, F, G, a
HR - 175 - EVO OGLEDALO NAŠE JE GOSPODIN (XIII. Salomonova oda ).chordpro | EVO OGLEDALO NAŠE JE GOSPODIN (XIII. Salomonova oda ) | 6 verses | A7, a, d, g
HR - 176 - KAO POLET SRDŽBE (VII. Salomonova oda ).chordpro | KAO POLET SRDŽBE (VII. Salomonova oda ) | 8 verses | A7, C, E, F, G, a, d
HR - 177 - BLAGOSLOVLJEN BUDI BOG (Ef 1,3-13).chordpro | BLAGOSLOVLJEN BUDI BOG (Ef 1,3-13) | 6 verses | A, A7, D, FIS, G, e, h
HR - 178 - GOSPODINE, TI ME PRONIČEŠ I TI ME POZNAJEŠ - Ps 138 (139).chordpro | GOSPODINE, TI ME PRONIČEŠ I TI ME POZNAJEŠ - Ps 138 (139) | 9 verses | A, B, C7, F, a, d, g
HR - 179 - ELI, ELI, LAMMA SABACTANI - Ps 21 (22).chordpro | ELI, ELI, LAMMA SABACTANI? - Ps 21 (22) | 7 verses | H7, a, e
HR - 180 - NITKO NE MOŽE SLUŽITI DVOJICI GOSPODARA (Mt 6, 24 - 33).chordpro | NITKO NE MOŽE SLUŽITI DVOJICI GOSPODARA (Mt 6, 24 - 33) * | 8 verses | C, E, E7, F, F7, G, a, d, e
HR - 181 - GOSPODINE MOJE SRCE VIŠE NEMA ZAHTJEVA - Ps 130 (131).chordpro | GOSPODINE MOJE SRCE VIŠE NEMA ZAHTJEVA - Ps 130 (131) | 6 verses | H7, a, e
HR - 182 - ŽELIM POĆI U JERUZALEM (Sefarditska pjesma).chordpro | ŽELIM POĆI U JERUZALEM (Sefarditska pjesma) | 4 verses | E, F, a, d, dE
HR - 183 - SHEMA ISRAEL (Pnz 6, 4 - 9).chordpro | SHEMA ISRAEL (Pnz 6, 4 - 9) * | 7 verses | E, F, G, a, d
HR - 184 - HIMAN SLAVNOMU KRIŽU.chordpro | HIMAN SLAVNOMU KRIŽU | 5 verses | A, E, GIS, H7, cis, fis
HR - 185 - OBUCITE SE U BOJNU OPREMU BOŽJU (Ef 6, 11 - 17).chordpro | OBUCITE SE U BOJNU OPREMU BOŽJU (Ef 6, 11 - 17) | 8 verses | A, B, d, g
HR - 186 - TEMELJI SU NJEGOVI - Ps 86 (87).chordpro | TEMELJI SU NJEGOVI - Ps 86 (87) | 4 verses | E, F, G, H7, a, d
HR - 187 - AKEDA ().chordpro | AKEDA (*) | 6 verses | E, a, d
HR - 188 - NEMOJ SE ŽESTITI - Ps 36 (37).chordpro | NEMOJ SE ŽESTITI - Ps 36 (37) | 8 verses | E7, F, a, d
HR - 189 - HIMAN LJUBAVI (1 Kor 13, 1 - 13) ().chordpro | HIMAN LJUBAVI (1 Kor 13, 1 - 13) (*) | 2 verses | C, F, G, a
HR - 190 - SAMI BOG (2 Kor 4, 6 - 12).chordpro | SAMI BOG (2 Kor 4, 6 - 12) | 10 verses | A, D, FIS, G, h
HR - 191 - KAO OSUĐENI NA SMRT (1 Kor 4, 9 - 13).chordpro | KAO OSUĐENI NA SMRT (1 Kor 4, 9 - 13) | 10 verses | E, F, G, a
HR - 192 - ISUS JE OBILAZIO SVE GRADOVE (Mt 9, 35 ss; 10).chordpro | ISUS JE OBILAZIO SVE GRADOVE (Mt 9, 35 ss; 10) | 18 verses | C, E, E7, F, G, a, d, e
HR - 193 - NE OPIRITE SE ZLU (Mt 5, 38 ss).chordpro | NE OPIRITE SE ZLU (Mt 5, 38 ss) | 8 verses | A, A7, D, G, h
HR - 194 - POLJUBI ME (Pj 1, 2 ss).chordpro | POLJUBI ME (Pj 1, 2 ss) | 4 verses | A, A7, B, d
HR - 195 - MOJA DRAGA ZA ME JE (Pj 1, 13 ss).chordpro | MOJA DRAGA ZA ME JE (Pj 1, 13 ss) | 10 verses | A, FIS, G, e, h
HR - 196 - DOĐI S LIBANA (Pj 4, 8 ss).chordpro | DOĐI S LIBANA (Pj 4, 8 ss) | 8 verses | A, C, D, G, a, e
HR - 197 - DOK SAM SPAVALA (Pj 5, 2 ss).chordpro | DOK SAM SPAVALA (Pj 5, 2 ss) | 5 verses | C, E, E7, F, G, a, d
HR - 198 - TI KOJA PREBIVAŠ U VRTOVIMA (Pj 8, Dodaci).chordpro | TI KOJA PREBIVAŠ U VRTOVIMA (Pj 8, Dodaci) | 5 verses | A, E, F, a, d, fis
HR - 199 - JAGNJICA BOŽJA.chordpro | JAGNJICA BOŽJA | 10 verses | C, H7, a, e
HR - 200 - TKO JE TA (Pj 8, 5 - 7).chordpro | TKO JE TA (Pj 8, 5 - 7) | 5 verses | E, F, G, a
HR - 201 - GLAS MOG LJUBLJENOG (Pj 2, 8 - 17).chordpro | GLAS MOG LJUBLJENOG (Pj 2, 8 - 17) | 8 verses | C, E, F, G, a, d
HR - 202 - GOLUBICA DOLETJE (XXIV. Salomonova oda).chordpro | GOLUBICA DOLETJE (XXIV. Salomonova oda) | 5 verses | C, H7, a, e
HR - 203 - KAO ŠTO KAPLJE MED (XL. Salomonova oda).chordpro | KAO ŠTO KAPLJE MED (XL. Salomonova oda) | 9 verses | E, F, a, d
HR - 204 - O ISUSE, LJUBAVI MOJA.chordpro | O ISUSE, LJUBAVI MOJA | 19 verses | E, F, G, a
HR - 205 - VODI ME U NEBO.chordpro | VODI ME U NEBO | 6 verses | A, E, GIS, H7, cis
HR - 206 - TI SI MOJA NADA, GOSPODINE (XXIX. Salomonova oda).chordpro | TI SI MOJA NADA, GOSPODINE (XXIX. Salomonova oda) | 4 verses | A, A7, B7, d, g
HR - 207 - VELIČANSTVEN ZNAK (Otk 12).chordpro | VELIČANSTVEN ZNAK (Otk 12) | 7 verses | E, F, G, a
HR - 208 - CARMEN '63 (od Tagore).chordpro | CARMEN '63 (od Tagore) | 5 verses | A, D, E, F, FIS, G, H, a, d, e, h
HR - 209 - CARITAS CHRISTI (2 Kor 5, 14 - 17. 21; 1 Kor 9, 16b) ().chordpro | CARITAS CHRISTI * (2 Kor 5, 14 - 17. 21; 1 Kor 9, 16b) (*) | 7 verses | A7, C, E, F, G, a, d
HR - 210 - NOLI ME TANGERE (Iv 20, 15 - 17).chordpro | NOLI ME TANGERE (Iv 20, 15 - 17) | 13 verses | B, C, F, G, GIS, c, f
HR - 211 - GOSPODINE, POMOZI MI, GOSPODINE.chordpro | GOSPODINE, POMOZI MI, GOSPODINE | 13 verses | A, A7, D, FIS, G, e, h
HR - 212 - ZAVEO SI ME, GOSPODINE (Jr 20, 7 - 18).chordpro | ZAVEO SI ME, GOSPODINE (Jr 20, 7 - 18) * | 6 verses | C, E, F, G, a
HR - 213 - SRED JEDNE NOĆI TAMNE (Sv. Ivan od Križa).chordpro | SRED JEDNE NOĆI TAMNE (Sv. Ivan od Križa) | 3 verses | E, F, a, d
HR - 214 - LJUBITE SVOJE NEPRIJATELJE (Blaženstva Lk 6, 20 ss) ().chordpro | LJUBITE SVOJE NEPRIJATELJE (Blaženstva: Lk 6, 20 ss) (*) | 1 verses | A, CIS, D, E, FIS, G, H, HFIS, h
HR - 215 - LIJEPA SI, PRIJATELJICE MOJA (Pj 6 - 7).chordpro | LIJEPA SI, PRIJATELJICE MOJA (Pj 6 - 7) | 5 verses | A, A7, B, D7, d, g
HR - 216 - BRAĆO, NE DAJMO NIKOME RAZLOG SPOTICANJA (Usp. 2 Kor 6, 3 - 16).chordpro | BRAĆO, NE DAJMO NIKOME RAZLOG SPOTICANJA (Usp. 2 Kor 6, 3 - 16) | 7 verses | A7, E, F, a, d
HR - 217 - OVO JE MOJA ZAPOVIJED (Iv 15, 12. 13. 16. 18; 17, 21).chordpro | OVO JE MOJA ZAPOVIJED (Iv 15, 12. 13. 16. 18; 17, 21) | 4 verses | A7, C, E, F, G, a, d
HR - 218 - UKRALA SI MI SRCE (Pj 4, 9 - 5, 1).chordpro | UKRALA SI MI SRCE (Pj 4, 9 -  5, 1) | 5 verses | A7, B, C, F, d, g
HR - 219 - GOSPODIN MI JE DAO III. PJESMA O SLUZI (Iz 50, 4 - 10).chordpro | GOSPODIN MI JE DAO: III. PJESMA O SLUZI (Iz 50, 4 - 10) | 10 verses | C, D, FIS, G, fis, h
HR - 220 - MULJAČ (Iz 63, 1 - 6).chordpro | MULJAČ (Iz 63, 1 - 6) | 5 verses | D, H7, a, e
HR - 221 - NE BIJAŠE NA NJEM LJEPOTE IV PJESMA O SLUZI JAHVINU (Iz 53, 2 ss).chordpro | NE BIJAŠE NA NJEM LJEPOTE: IV PJESMA O SLUZI JAHVINU (Iz 53, 2 ss) | 6 verses | C, F, G, G7, a
HR - 222 - PJESMA JANJETOVA (Otk 5,9 ss).chordpro | PJESMA JANJETOVA (Otk 5,9 ss) | 4 verses | A7, F, a, d, g
HR - 223 - RAŠIRIO SAM SVOJE RUKE.chordpro | RAŠIRIO SAM SVOJE RUKE | 5 verses | A, D, E, FIS, G, h
HR - 224 - PASHALNA HOMILIJA MELITONA SARDIJSKOG.chordpro | PASHALNA HOMILIJA MELITONA SARDIJSKOG | 8 verses | A7, B, d
